
**** Build of configuration Debug for project hw4 ****

"D:\\ti\\ccs1040\\ccs\\utils\\bin\\gmake" -k -j 12 all -O 
 
Building file: "../main.c"
Invoking: MSP430 Compiler
"D:/ti/ccs1040/ccs/tools/compiler/ti-cgt-msp430_20.2.5.LTS/bin/cl430" -vmspx --data_model=restricted --use_hw_mpy=F5 --include_path="D:/ti/ccs1040/ccs/ccs_base/msp430/include" --include_path="D:/codes/msp430/hw4" --include_path="D:/ti/ccs1040/ccs/tools/compiler/ti-cgt-msp430_20.2.5.LTS/include" --advice:power=all --define=__MSP430F5529__ -g --printf_support=minimal --diag_warning=225 --diag_wrap=off --display_error_number --silicon_errata=CPU21 --silicon_errata=CPU22 --silicon_errata=CPU23 --silicon_errata=CPU40 --preproc_with_compile --preproc_dependency="main.d_raw"  "../main.c"
"../main.c", line 91: warning #169-D: argument of type "volatile unsigned int *" is incompatible with parameter of type "unsigned int *"
"../main.c", line 99: warning #169-D: argument of type "volatile unsigned int *" is incompatible with parameter of type "unsigned int *"
"../main.c", line 107: warning #169-D: argument of type "volatile unsigned int *" is incompatible with parameter of type "unsigned int *"
"../main.c", line 118: warning #169-D: argument of type "volatile unsigned int *" is incompatible with parameter of type "unsigned int *"
"../main.c", line 131: warning #112-D: statement is unreachable
"../main.c", line 169: remark #1528-D: (ULP 3.1) Detected flag polling using PMMIFG. Recommend using an interrupt combined with enter LPMx and ISR
"../main.c", line 176: remark #1528-D: (ULP 3.1) Detected flag polling using PMMIFG. Recommend using an interrupt combined with enter LPMx and ISR
Finished building: "../main.c"
 
Building file: "../timer/timer.c"
Invoking: MSP430 Compiler
"D:/ti/ccs1040/ccs/tools/compiler/ti-cgt-msp430_20.2.5.LTS/bin/cl430" -vmspx --data_model=restricted --use_hw_mpy=F5 --include_path="D:/ti/ccs1040/ccs/ccs_base/msp430/include" --include_path="D:/codes/msp430/hw4" --include_path="D:/ti/ccs1040/ccs/tools/compiler/ti-cgt-msp430_20.2.5.LTS/include" --advice:power=all --define=__MSP430F5529__ -g --printf_support=minimal --diag_warning=225 --diag_wrap=off --display_error_number --silicon_errata=CPU21 --silicon_errata=CPU22 --silicon_errata=CPU23 --silicon_errata=CPU40 --preproc_with_compile --preproc_dependency="timer/timer.d_raw" --obj_directory="timer"  "../timer/timer.c"
Finished building: "../timer/timer.c"
 
Building target: "hw4.out"
Invoking: MSP430 Linker
"D:/ti/ccs1040/ccs/tools/compiler/ti-cgt-msp430_20.2.5.LTS/bin/cl430" -vmspx --data_model=restricted --use_hw_mpy=F5 --advice:power=all --define=__MSP430F5529__ -g --printf_support=minimal --diag_warning=225 --diag_wrap=off --display_error_number --silicon_errata=CPU21 --silicon_errata=CPU22 --silicon_errata=CPU23 --silicon_errata=CPU40 -z -m"hw4.map" --heap_size=160 --stack_size=160 --cinit_hold_wdt=on -i"D:/ti/ccs1040/ccs/ccs_base/msp430/include" -i"D:/ti/ccs1040/ccs/ccs_base/msp430/lib/5xx_6xx_FRxx" -i"D:/ti/ccs1040/ccs/tools/compiler/ti-cgt-msp430_20.2.5.LTS/lib" -i"D:/ti/ccs1040/ccs/tools/compiler/ti-cgt-msp430_20.2.5.LTS/include" --reread_libs --diag_wrap=off --display_error_number --warn_sections --xml_link_info="hw4_linkInfo.xml" --use_hw_mpy=F5 --rom_model -o "hw4.out" "./main.obj" "./timer/timer.obj" "../lnk_msp430f5529.cmd"  -llibmath.a -llibc.a 
<Linking>
remark #10372-D: (ULP 4.1) Detected uninitialized Port A in this project. Recommend initializing all unused ports to eliminate wasted current consumption on unused pins.
remark #10372-D: (ULP 4.1) Detected uninitialized Port C in this project. Recommend initializing all unused ports to eliminate wasted current consumption on unused pins.
remark #10372-D: (ULP 4.1) Detected uninitialized Port D in this project. Recommend initializing all unused ports to eliminate wasted current consumption on unused pins.
Finished building target: "hw4.out"
 

**** Build Finished ****
